<?xml version="1.0" encoding="UTF-8"?>
<!-- Generated by org.testng.reporters.JUnitXMLReporter -->
<testsuite hostname="Moemens-MacBook-Pro.local" ignored="0" name="Default test" tests="4" failures="0" timestamp="2020-12-15T00:32:54 EET" time="61.41" errors="0">
  <testcase name="addNewCenter" time="12.011" classname="tests.AddCenterTest"/>
  <testcase name="addNewCenter" time="12.406" classname="tests.AddCenterTest"/>
  <testcase name="addNewCenter" time="13.516" classname="tests.AddCenterTest"/>
  <testcase name="addNewCenter" time="12.395" classname="tests.AddCenterTest"/>
</testsuite> <!-- Default test -->
